CRITICAL - 2025-12-12 14:05:43 --> CodeIgniter\Database\Exceptions\DataException: There is no data to update.
[Method: POST, Route: courses/update-status]
in SYSTEMPATH\BaseModel.php on line 1008.
 1 SYSTEMPATH\BaseModel.php(1008): CodeIgniter\Database\Exceptions\DataException::forEmptyDataset('update')
 2 SYSTEMPATH\Model.php(860): CodeIgniter\BaseModel->update([...], [])
 3 APPPATH\Controllers\Course.php(302): CodeIgniter\Model->update('7', [...])
 4 SYSTEMPATH\CodeIgniter.php(933): App\Controllers\Course->updateStatus()
 5 SYSTEMPATH\CodeIgniter.php(507): CodeIgniter\CodeIgniter->runController(Object(App\Controllers\Course))
 6 SYSTEMPATH\CodeIgniter.php(354): CodeIgniter\CodeIgniter->handleRequest(null, Object(Config\Cache), false)
 7 SYSTEMPATH\Boot.php(363): CodeIgniter\CodeIgniter->run()
 8 SYSTEMPATH\Boot.php(68): CodeIgniter\Boot::runCodeIgniter(Object(CodeIgniter\CodeIgniter))
 9 FCPATH\index.php(59): CodeIgniter\Boot::bootWeb(Object(Config\Paths))
CRITICAL - 2025-12-12 14:05:54 --> CodeIgniter\Database\Exceptions\DataException: There is no data to update.
[Method: POST, Route: courses/update-status]
in SYSTEMPATH\BaseModel.php on line 1008.
 1 SYSTEMPATH\BaseModel.php(1008): CodeIgniter\Database\Exceptions\DataException::forEmptyDataset('update')
 2 SYSTEMPATH\Model.php(860): CodeIgniter\BaseModel->update([...], [])
 3 APPPATH\Controllers\Course.php(302): CodeIgniter\Model->update('7', [...])
 4 SYSTEMPATH\CodeIgniter.php(933): App\Controllers\Course->updateStatus()
 5 SYSTEMPATH\CodeIgniter.php(507): CodeIgniter\CodeIgniter->runController(Object(App\Controllers\Course))
 6 SYSTEMPATH\CodeIgniter.php(354): CodeIgniter\CodeIgniter->handleRequest(null, Object(Config\Cache), false)
 7 SYSTEMPATH\Boot.php(363): CodeIgniter\CodeIgniter->run()
 8 SYSTEMPATH\Boot.php(68): CodeIgniter\Boot::runCodeIgniter(Object(CodeIgniter\CodeIgniter))
 9 FCPATH\index.php(59): CodeIgniter\Boot::bootWeb(Object(Config\Paths))
ERROR - 2025-12-12 14:40:17 --> mysqli_sql_exception: Table 'announcements' already exists in C:\xampp\htdocs\ITE311-GLENOGO\system\Database\MySQLi\Connection.php:327
Stack trace:
#0 C:\xampp\htdocs\ITE311-GLENOGO\system\Database\MySQLi\Connection.php(327): mysqli->query('CREATE TABLE `a...', 0)
#1 C:\xampp\htdocs\ITE311-GLENOGO\system\Database\BaseConnection.php(729): CodeIgniter\Database\MySQLi\Connection->execute('CREATE TABLE `a...')
#2 C:\xampp\htdocs\ITE311-GLENOGO\system\Database\BaseConnection.php(646): CodeIgniter\Database\BaseConnection->simpleQuery('CREATE TABLE `a...')
#3 C:\xampp\htdocs\ITE311-GLENOGO\system\Database\Forge.php(570): CodeIgniter\Database\BaseConnection->query('CREATE TABLE `a...')
#4 C:\xampp\htdocs\ITE311-GLENOGO\app\Database\Migrations\2025-10-17-194329_CreateAnnouncementsTable.php(30): CodeIgniter\Database\Forge->createTable('announcements')
#5 C:\xampp\htdocs\ITE311-GLENOGO\system\Database\MigrationRunner.php(876): App\Database\Migrations\CreateAnnouncementsTable->up()
#6 C:\xampp\htdocs\ITE311-GLENOGO\system\Database\MigrationRunner.php(182): CodeIgniter\Database\MigrationRunner->migrate('up', Object(stdClass))
#7 C:\xampp\htdocs\ITE311-GLENOGO\system\Commands\Database\Migrate.php(85): CodeIgniter\Database\MigrationRunner->latest(NULL)
#8 C:\xampp\htdocs\ITE311-GLENOGO\system\CLI\Commands.php(74): CodeIgniter\Commands\Database\Migrate->run(Array)
#9 C:\xampp\htdocs\ITE311-GLENOGO\system\CLI\Console.php(47): CodeIgniter\CLI\Commands->run('migrate', Array)
#10 C:\xampp\htdocs\ITE311-GLENOGO\system\Boot.php(388): CodeIgniter\CLI\Console->run()
#11 C:\xampp\htdocs\ITE311-GLENOGO\system\Boot.php(133): CodeIgniter\Boot::runCommand(Object(CodeIgniter\CLI\Console))
#12 C:\xampp\htdocs\ITE311-GLENOGO\spark(87): CodeIgniter\Boot::bootSpark(Object(Config\Paths))
#13 {main}
CRITICAL - 2025-12-12 14:40:18 --> ErrorException: require(C:\xampp\htdocs\ITE311-GLENOGO\app\Views/errors/cli/error_exception.php): Failed to open stream: No such file or directory
[Method: CLI, Route: migrate]
in SYSTEMPATH\CLI\BaseCommand.php on line 133.
 1 SYSTEMPATH\CLI\BaseCommand.php(133): CodeIgniter\Debug\Exceptions->errorHandler(2, 'require(C:\\xampp\\htdocs\\ITE311-GLENOGO\\app\\Views/errors/cli/error_exception.php): Failed to open stream: No such file or directory', 'C:\\xampp\\htdocs\\ITE311-GLENOGO\\system\\CLI\\BaseCommand.php', 133)
 2 SYSTEMPATH\CLI\BaseCommand.php(133): require()
 3 SYSTEMPATH\Commands\Database\Migrate.php(99): CodeIgniter\CLI\BaseCommand->showError(Object(CodeIgniter\Database\Exceptions\DatabaseException))
 4 SYSTEMPATH\CLI\Commands.php(74): CodeIgniter\Commands\Database\Migrate->run([])
 5 SYSTEMPATH\CLI\Console.php(47): CodeIgniter\CLI\Commands->run('migrate', [])
 6 SYSTEMPATH\Boot.php(388): CodeIgniter\CLI\Console->run()
 7 SYSTEMPATH\Boot.php(133): CodeIgniter\Boot::runCommand(Object(CodeIgniter\CLI\Console))
 8 ROOTPATH\spark(87): CodeIgniter\Boot::bootSpark(Object(Config\Paths))
ERROR - 2025-12-12 14:40:44 --> mysqli_sql_exception: Table 'announcements' already exists in C:\xampp\htdocs\ITE311-GLENOGO\system\Database\MySQLi\Connection.php:327
Stack trace:
#0 C:\xampp\htdocs\ITE311-GLENOGO\system\Database\MySQLi\Connection.php(327): mysqli->query('CREATE TABLE `a...', 0)
#1 C:\xampp\htdocs\ITE311-GLENOGO\system\Database\BaseConnection.php(729): CodeIgniter\Database\MySQLi\Connection->execute('CREATE TABLE `a...')
#2 C:\xampp\htdocs\ITE311-GLENOGO\system\Database\BaseConnection.php(646): CodeIgniter\Database\BaseConnection->simpleQuery('CREATE TABLE `a...')
#3 C:\xampp\htdocs\ITE311-GLENOGO\system\Database\Forge.php(570): CodeIgniter\Database\BaseConnection->query('CREATE TABLE `a...')
#4 C:\xampp\htdocs\ITE311-GLENOGO\app\Database\Migrations\2025-10-17-194329_CreateAnnouncementsTable.php(30): CodeIgniter\Database\Forge->createTable('announcements')
#5 C:\xampp\htdocs\ITE311-GLENOGO\system\Database\MigrationRunner.php(876): App\Database\Migrations\CreateAnnouncementsTable->up()
#6 C:\xampp\htdocs\ITE311-GLENOGO\system\Database\MigrationRunner.php(182): CodeIgniter\Database\MigrationRunner->migrate('up', Object(stdClass))
#7 C:\xampp\htdocs\ITE311-GLENOGO\system\Commands\Database\Migrate.php(85): CodeIgniter\Database\MigrationRunner->latest(NULL)
#8 C:\xampp\htdocs\ITE311-GLENOGO\system\CLI\Commands.php(74): CodeIgniter\Commands\Database\Migrate->run(Array)
#9 C:\xampp\htdocs\ITE311-GLENOGO\system\CLI\Console.php(47): CodeIgniter\CLI\Commands->run('migrate', Array)
#10 C:\xampp\htdocs\ITE311-GLENOGO\system\Boot.php(388): CodeIgniter\CLI\Console->run()
#11 C:\xampp\htdocs\ITE311-GLENOGO\system\Boot.php(133): CodeIgniter\Boot::runCommand(Object(CodeIgniter\CLI\Console))
#12 C:\xampp\htdocs\ITE311-GLENOGO\spark(87): CodeIgniter\Boot::bootSpark(Object(Config\Paths))
#13 {main}
CRITICAL - 2025-12-12 14:40:44 --> ErrorException: require(C:\xampp\htdocs\ITE311-GLENOGO\app\Views/errors/cli/error_exception.php): Failed to open stream: No such file or directory
[Method: CLI, Route: migrate]
in SYSTEMPATH\CLI\BaseCommand.php on line 133.
 1 SYSTEMPATH\CLI\BaseCommand.php(133): CodeIgniter\Debug\Exceptions->errorHandler(2, 'require(C:\\xampp\\htdocs\\ITE311-GLENOGO\\app\\Views/errors/cli/error_exception.php): Failed to open stream: No such file or directory', 'C:\\xampp\\htdocs\\ITE311-GLENOGO\\system\\CLI\\BaseCommand.php', 133)
 2 SYSTEMPATH\CLI\BaseCommand.php(133): require()
 3 SYSTEMPATH\Commands\Database\Migrate.php(99): CodeIgniter\CLI\BaseCommand->showError(Object(CodeIgniter\Database\Exceptions\DatabaseException))
 4 SYSTEMPATH\CLI\Commands.php(74): CodeIgniter\Commands\Database\Migrate->run([...])
 5 SYSTEMPATH\CLI\Console.php(47): CodeIgniter\CLI\Commands->run('migrate', [...])
 6 SYSTEMPATH\Boot.php(388): CodeIgniter\CLI\Console->run()
 7 SYSTEMPATH\Boot.php(133): CodeIgniter\Boot::runCommand(Object(CodeIgniter\CLI\Console))
 8 ROOTPATH\spark(87): CodeIgniter\Boot::bootSpark(Object(Config\Paths))
ERROR - 2025-12-12 14:41:15 --> mysqli_sql_exception: Table 'announcements' already exists in C:\xampp\htdocs\ITE311-GLENOGO\system\Database\MySQLi\Connection.php:327
Stack trace:
#0 C:\xampp\htdocs\ITE311-GLENOGO\system\Database\MySQLi\Connection.php(327): mysqli->query('CREATE TABLE `a...', 0)
#1 C:\xampp\htdocs\ITE311-GLENOGO\system\Database\BaseConnection.php(729): CodeIgniter\Database\MySQLi\Connection->execute('CREATE TABLE `a...')
#2 C:\xampp\htdocs\ITE311-GLENOGO\system\Database\BaseConnection.php(646): CodeIgniter\Database\BaseConnection->simpleQuery('CREATE TABLE `a...')
#3 C:\xampp\htdocs\ITE311-GLENOGO\system\Database\Forge.php(570): CodeIgniter\Database\BaseConnection->query('CREATE TABLE `a...')
#4 C:\xampp\htdocs\ITE311-GLENOGO\app\Database\Migrations\2025-10-17-194329_CreateAnnouncementsTable.php(30): CodeIgniter\Database\Forge->createTable('announcements')
#5 C:\xampp\htdocs\ITE311-GLENOGO\system\Database\MigrationRunner.php(876): App\Database\Migrations\CreateAnnouncementsTable->up()
#6 C:\xampp\htdocs\ITE311-GLENOGO\system\Database\MigrationRunner.php(182): CodeIgniter\Database\MigrationRunner->migrate('up', Object(stdClass))
#7 C:\xampp\htdocs\ITE311-GLENOGO\system\Commands\Database\Migrate.php(85): CodeIgniter\Database\MigrationRunner->latest(NULL)
#8 C:\xampp\htdocs\ITE311-GLENOGO\system\CLI\Commands.php(74): CodeIgniter\Commands\Database\Migrate->run(Array)
#9 C:\xampp\htdocs\ITE311-GLENOGO\system\CLI\Console.php(47): CodeIgniter\CLI\Commands->run('migrate', Array)
#10 C:\xampp\htdocs\ITE311-GLENOGO\system\Boot.php(388): CodeIgniter\CLI\Console->run()
#11 C:\xampp\htdocs\ITE311-GLENOGO\system\Boot.php(133): CodeIgniter\Boot::runCommand(Object(CodeIgniter\CLI\Console))
#12 C:\xampp\htdocs\ITE311-GLENOGO\spark(87): CodeIgniter\Boot::bootSpark(Object(Config\Paths))
#13 {main}
CRITICAL - 2025-12-12 14:41:15 --> ErrorException: require(C:\xampp\htdocs\ITE311-GLENOGO\app\Views/errors/cli/error_exception.php): Failed to open stream: No such file or directory
[Method: CLI, Route: migrate]
in SYSTEMPATH\CLI\BaseCommand.php on line 133.
 1 SYSTEMPATH\CLI\BaseCommand.php(133): CodeIgniter\Debug\Exceptions->errorHandler(2, 'require(C:\\xampp\\htdocs\\ITE311-GLENOGO\\app\\Views/errors/cli/error_exception.php): Failed to open stream: No such file or directory', 'C:\\xampp\\htdocs\\ITE311-GLENOGO\\system\\CLI\\BaseCommand.php', 133)
 2 SYSTEMPATH\CLI\BaseCommand.php(133): require()
 3 SYSTEMPATH\Commands\Database\Migrate.php(99): CodeIgniter\CLI\BaseCommand->showError(Object(CodeIgniter\Database\Exceptions\DatabaseException))
 4 SYSTEMPATH\CLI\Commands.php(74): CodeIgniter\Commands\Database\Migrate->run([...])
 5 SYSTEMPATH\CLI\Console.php(47): CodeIgniter\CLI\Commands->run('migrate', [...])
 6 SYSTEMPATH\Boot.php(388): CodeIgniter\CLI\Console->run()
 7 SYSTEMPATH\Boot.php(133): CodeIgniter\Boot::runCommand(Object(CodeIgniter\CLI\Console))
 8 ROOTPATH\spark(87): CodeIgniter\Boot::bootSpark(Object(Config\Paths))
